<?xml version="1.0" encoding="UTF-8"?>
<testng-results ignored="0" total="2" passed="2" failed="0" skipped="0">
  <reporter-output>
  </reporter-output>
  <suite started-at="2022-05-09T18:12:27 IST" name="Default suite" finished-at="2022-05-09T18:12:27 IST" duration-ms="85">
    <groups>
    </groups>
    <test started-at="2022-05-09T18:12:27 IST" name="Default test" finished-at="2022-05-09T18:12:27 IST" duration-ms="85">
      <class name="TestVagranttestcase.movieinfovalidation">
        <test-method signature="countrytest()[pri:1, instance:TestVagranttestcase.movieinfovalidation@6b26e945]" started-at="2022-05-09T18:12:27 IST" name="countrytest" finished-at="2022-05-09T18:12:27 IST" duration-ms="13" status="PASS">
          <reporter-output>
          </reporter-output>
        </test-method> <!-- countrytest -->
        <test-method signature="releasedatetest()[pri:2, instance:TestVagranttestcase.movieinfovalidation@6b26e945]" started-at="2022-05-09T18:12:27 IST" name="releasedatetest" finished-at="2022-05-09T18:12:27 IST" duration-ms="3" status="PASS">
          <reporter-output>
          </reporter-output>
        </test-method> <!-- releasedatetest -->
      </class> <!-- TestVagranttestcase.movieinfovalidation -->
    </test> <!-- Default test -->
  </suite> <!-- Default suite -->
</testng-results>
